Using pre-set license
Built from '2020.3/staging' branch; Version is '2020.3.0f1 (c7b5465681fb) revision 13088070'; Using compiler version '192528614'; Build Type 'Release'
OS: 'Windows 10 Home; OS build 17134.441; Version 1803; 64bit' Language: 'en' Physical Memory: 32688 MB
BatchMode: 1, IsHumanControllingUs: 0, StartBugReporterOnCrash: 0, Is64bit: 1, IsPro: 0

 COMMAND LINE ARGUMENTS:
D:\Unity\Versions\2020.3.0f1\Editor\Unity.exe
-adb2
-batchMode
-noUpm
-name
AssetImportWorker0
-projectPath
C:/Users/Bhavik/Documents/Programming/A3 Game/A3 Game
-logFile
Logs/AssetImportWorker0.log
-srvPort
60943
Successfully changed project path to: C:/Users/Bhavik/Documents/Programming/A3 Game/A3 Game
C:/Users/Bhavik/Documents/Programming/A3 Game/A3 Game
Using Asset Import Pipeline V2.
Refreshing native plugins compatible for Editor in 21.80 ms, found 0 plugins.
Preloading 0 native plugins for Editor in 0.00 ms.
Initialize engine version: 2020.3.0f1 (c7b5465681fb)
[Subsystems] Discovering subsystems at path D:/Unity/Versions/2020.3.0f1/Editor/Data/Resources/UnitySubsystems
[Subsystems] Discovering subsystems at path C:/Users/Bhavik/Documents/Programming/A3 Game/A3 Game/Assets
GfxDevice: creating device client; threaded=0
Direct3D:
    Version:  Direct3D 11.0 [level 11.1]
    Renderer: NVIDIA GeForce RTX 2070 (ID=0x1f02)
    Vendor:   
    VRAM:     8031 MB
    Driver:   30.0.14.7212
Initialize mono
Mono path[0] = 'D:/Unity/Versions/2020.3.0f1/Editor/Data/Managed'
Mono path[1] = 'D:/Unity/Versions/2020.3.0f1/Editor/Data/MonoBleedingEdge/lib/mono/unityjit'
Mono config path = 'D:/Unity/Versions/2020.3.0f1/Editor/Data/MonoBleedingEdge/etc'
Using monoOptions --debugger-agent=transport=dt_socket,embedding=1,server=y,suspend=n,address=127.0.0.1:56940
Begin MonoManager ReloadAssembly
Registering precompiled unity dll's ...
Register platform support module: D:/Unity/Versions/2020.3.0f1/Editor/Data/PlaybackEngines/WindowsStandaloneSupport/UnityEditor.WindowsStandalone.Extensions.dll
Registered in 0.000855 seconds.
Native extension for WindowsStandalone target not found
Refreshing native plugins compatible for Editor in 21.08 ms, found 0 plugins.
Preloading 0 native plugins for Editor in 0.00 ms.
Invoked RoslynAnalysisRunner static constructor.
RoslynAnalysisRunner will not be running.
RoslynAnalysisRunner has terminated.
Mono: successfully reloaded assembly
- Completed reload, in  0.784 seconds
Platform modules already initialized, skipping
Registering precompiled user dll's ...
Registered in 0.000592 seconds.
Begin MonoManager ReloadAssembly
Native extension for WindowsStandalone target not found
Refreshing native plugins compatible for Editor in 0.23 ms, found 0 plugins.
Preloading 0 native plugins for Editor in 0.00 ms.
Invoked RoslynAnalysisRunner static constructor.
RoslynAnalysisRunner will not be running.
RoslynAnalysisRunner has terminated.
Mono: successfully reloaded assembly
- Completed reload, in  0.640 seconds
Platform modules already initialized, skipping
========================================================================
Worker process is ready to serve import requests
Launched and connected shader compiler UnityShaderCompiler.exe after 0.03 seconds
Refreshing native plugins compatible for Editor in 0.22 ms, found 0 plugins.
Preloading 0 native plugins for Editor in 0.00 ms.
Unloading 1135 Unused Serialized files (Serialized files now loaded: 0)
System memory in use before: 66.4 MB.
System memory in use after: 66.5 MB.

Unloading 10 unused Assets to reduce memory usage. Loaded Objects now: 1594.
Total: 2.369122 ms (FindLiveObjects: 0.196972 ms CreateObjectMapping: 0.160080 ms MarkObjects: 1.903959 ms  DeleteObjects: 0.107148 ms)

========================================================================
Received Import Request.
  path: Assets/Scripts/Weapons Script
  artifactKey: Guid(186f82182a69ede4ebc93c22697b45d2) Importer(815301076,1909f56bfc062723c751e8b465ee728b)
Start importing Assets/Scripts/Weapons Script using Guid(186f82182a69ede4ebc93c22697b45d2) Importer(815301076,1909f56bfc062723c751e8b465ee728b)  -> (artifact id: '4ea318b99ac267026c357cd923ee7c64') in 0.022172 seconds
  Import took 0.023876 seconds .

========================================================================
Received Import Request.
  Time since last request: 23.093805 seconds.
  path: Assets/Scripts/Weapons Script/Weapon Handler.cs
  artifactKey: Guid(9b3f947faeb31554196d1f5ff8497502) Importer(815301076,1909f56bfc062723c751e8b465ee728b)
Start importing Assets/Scripts/Weapons Script/Weapon Handler.cs using Guid(9b3f947faeb31554196d1f5ff8497502) Importer(815301076,1909f56bfc062723c751e8b465ee728b)  -> (artifact id: 'afc2d7bd53c269afaa6efc560d988b26') in 0.071841 seconds
  Import took 0.073390 seconds .

========================================================================
Received Prepare
Registering precompiled user dll's ...
Registered in 0.000577 seconds.
Begin MonoManager ReloadAssembly
Native extension for WindowsStandalone target not found
Refreshing native plugins compatible for Editor in 0.20 ms, found 0 plugins.
Preloading 0 native plugins for Editor in 0.00 ms.
Invoked RoslynAnalysisRunner static constructor.
RoslynAnalysisRunner will not be running.
RoslynAnalysisRunner has terminated.
Mono: successfully reloaded assembly
- Completed reload, in  0.585 seconds
Platform modules already initialized, skipping
Refreshing native plugins compatible for Editor in 0.21 ms, found 0 plugins.
Preloading 0 native plugins for Editor in 0.00 ms.
Unloading 1114 Unused Serialized files (Serialized files now loaded: 0)
System memory in use before: 65.1 MB.
System memory in use after: 65.2 MB.

Unloading 5 unused Assets to reduce memory usage. Loaded Objects now: 1598.
Total: 1.730084 ms (FindLiveObjects: 0.124150 ms CreateObjectMapping: 0.042025 ms MarkObjects: 1.504561 ms  DeleteObjects: 0.058386 ms)

========================================================================
Received Import Request.
  Time since last request: 12.529831 seconds.
  path: Assets/Scripts/Weapons Script/WeaponHandler.cs
  artifactKey: Guid(9b3f947faeb31554196d1f5ff8497502) Importer(815301076,1909f56bfc062723c751e8b465ee728b)
Start importing Assets/Scripts/Weapons Script/WeaponHandler.cs using Guid(9b3f947faeb31554196d1f5ff8497502) Importer(815301076,1909f56bfc062723c751e8b465ee728b)  -> (artifact id: '6f3f520b3bf474984cc6229d6b85b4d0') in 0.008470 seconds
  Import took 0.010738 seconds .

========================================================================
Received Prepare
Registering precompiled user dll's ...
Registered in 0.000629 seconds.
Begin MonoManager ReloadAssembly
Native extension for WindowsStandalone target not found
Refreshing native plugins compatible for Editor in 0.20 ms, found 0 plugins.
Preloading 0 native plugins for Editor in 0.00 ms.
Invoked RoslynAnalysisRunner static constructor.
RoslynAnalysisRunner will not be running.
RoslynAnalysisRunner has terminated.
Mono: successfully reloaded assembly
- Completed reload, in  0.600 seconds
Platform modules already initialized, skipping
Refreshing native plugins compatible for Editor in 0.22 ms, found 0 plugins.
Preloading 0 native plugins for Editor in 0.00 ms.
Unloading 1114 Unused Serialized files (Serialized files now loaded: 0)
System memory in use before: 65.1 MB.
System memory in use after: 65.2 MB.

Unloading 5 unused Assets to reduce memory usage. Loaded Objects now: 1601.
Total: 1.361483 ms (FindLiveObjects: 0.107148 ms CreateObjectMapping: 0.031759 ms MarkObjects: 1.171889 ms  DeleteObjects: 0.050045 ms)

========================================================================
Received Prepare
Registering precompiled user dll's ...
Registered in 0.000565 seconds.
Begin MonoManager ReloadAssembly
Native extension for WindowsStandalone target not found
Refreshing native plugins compatible for Editor in 0.20 ms, found 0 plugins.
Preloading 0 native plugins for Editor in 0.00 ms.
Invoked RoslynAnalysisRunner static constructor.
RoslynAnalysisRunner will not be running.
RoslynAnalysisRunner has terminated.
Mono: successfully reloaded assembly
- Completed reload, in  0.578 seconds
Platform modules already initialized, skipping
Refreshing native plugins compatible for Editor in 0.20 ms, found 0 plugins.
Preloading 0 native plugins for Editor in 0.00 ms.
Unloading 1114 Unused Serialized files (Serialized files now loaded: 0)
System memory in use before: 65.1 MB.
System memory in use after: 65.2 MB.

Unloading 5 unused Assets to reduce memory usage. Loaded Objects now: 1604.
Total: 2.049282 ms (FindLiveObjects: 0.105865 ms CreateObjectMapping: 0.033043 ms MarkObjects: 1.835949 ms  DeleteObjects: 0.073464 ms)

========================================================================
Received Import Request.
  Time since last request: 1332.594813 seconds.
  path: Assets/Scripts/Weapons Script/WeaponHandler.cs
  artifactKey: Guid(9b3f947faeb31554196d1f5ff8497502) Importer(815301076,1909f56bfc062723c751e8b465ee728b)
Start importing Assets/Scripts/Weapons Script/WeaponHandler.cs using Guid(9b3f947faeb31554196d1f5ff8497502) Importer(815301076,1909f56bfc062723c751e8b465ee728b)  -> (artifact id: 'f2f36923470b1df07f92aec8a8576050') in 0.003745 seconds
  Import took 0.005251 seconds .

========================================================================
Received Prepare
Registering precompiled user dll's ...
Registered in 0.000589 seconds.
Begin MonoManager ReloadAssembly
Native extension for WindowsStandalone target not found
Refreshing native plugins compatible for Editor in 0.20 ms, found 0 plugins.
Preloading 0 native plugins for Editor in 0.00 ms.
Invoked RoslynAnalysisRunner static constructor.
RoslynAnalysisRunner will not be running.
RoslynAnalysisRunner has terminated.
Mono: successfully reloaded assembly
- Completed reload, in  0.620 seconds
Platform modules already initialized, skipping
Refreshing native plugins compatible for Editor in 0.20 ms, found 0 plugins.
Preloading 0 native plugins for Editor in 0.00 ms.
Unloading 1114 Unused Serialized files (Serialized files now loaded: 0)
System memory in use before: 65.1 MB.
System memory in use after: 65.2 MB.

Unloading 5 unused Assets to reduce memory usage. Loaded Objects now: 1607.
Total: 1.536641 ms (FindLiveObjects: 0.127358 ms CreateObjectMapping: 0.030797 ms MarkObjects: 1.324912 ms  DeleteObjects: 0.052612 ms)

========================================================================
Received Import Request.
  Time since last request: 1868.736479 seconds.
  path: Assets/Scripts/Weapons Script/WeaponManager.cs
  artifactKey: Guid(657efe7459fe744489748db2d7792b32) Importer(815301076,1909f56bfc062723c751e8b465ee728b)
Start importing Assets/Scripts/Weapons Script/WeaponManager.cs using Guid(657efe7459fe744489748db2d7792b32) Importer(815301076,1909f56bfc062723c751e8b465ee728b)  -> (artifact id: 'c458d2ab178fdf670902e54660fc174d') in 0.008285 seconds
  Import took 0.010820 seconds .

========================================================================
Received Prepare
Registering precompiled user dll's ...
Registered in 0.000653 seconds.
Begin MonoManager ReloadAssembly
Native extension for WindowsStandalone target not found
Refreshing native plugins compatible for Editor in 0.20 ms, found 0 plugins.
Preloading 0 native plugins for Editor in 0.00 ms.
Invoked RoslynAnalysisRunner static constructor.
RoslynAnalysisRunner will not be running.
RoslynAnalysisRunner has terminated.
Mono: successfully reloaded assembly
- Completed reload, in  0.593 seconds
Platform modules already initialized, skipping
Refreshing native plugins compatible for Editor in 0.21 ms, found 0 plugins.
Preloading 0 native plugins for Editor in 0.00 ms.
Unloading 1115 Unused Serialized files (Serialized files now loaded: 0)
System memory in use before: 65.2 MB.
System memory in use after: 65.2 MB.

Unloading 5 unused Assets to reduce memory usage. Loaded Objects now: 1611.
Total: 1.648280 ms (FindLiveObjects: 0.118055 ms CreateObjectMapping: 0.034647 ms MarkObjects: 1.437834 ms  DeleteObjects: 0.056461 ms)

========================================================================
Received Prepare
Registering precompiled user dll's ...
Registered in 0.000603 seconds.
Begin MonoManager ReloadAssembly
Native extension for WindowsStandalone target not found
Refreshing native plugins compatible for Editor in 0.20 ms, found 0 plugins.
Preloading 0 native plugins for Editor in 0.00 ms.
Invoked RoslynAnalysisRunner static constructor.
RoslynAnalysisRunner will not be running.
RoslynAnalysisRunner has terminated.
Mono: successfully reloaded assembly
- Completed reload, in  0.591 seconds
Platform modules already initialized, skipping
Refreshing native plugins compatible for Editor in 0.25 ms, found 0 plugins.
Preloading 0 native plugins for Editor in 0.00 ms.
Unloading 1115 Unused Serialized files (Serialized files now loaded: 0)
System memory in use before: 65.2 MB.
System memory in use after: 65.2 MB.

Unloading 5 unused Assets to reduce memory usage. Loaded Objects now: 1614.
Total: 1.592460 ms (FindLiveObjects: 0.139549 ms CreateObjectMapping: 0.039138 ms MarkObjects: 1.359558 ms  DeleteObjects: 0.053253 ms)

========================================================================
Received Import Request.
  Time since last request: 89.935751 seconds.
  path: Assets/Scripts/Weapons Script/WeaponManager.cs
  artifactKey: Guid(657efe7459fe744489748db2d7792b32) Importer(815301076,1909f56bfc062723c751e8b465ee728b)
Start importing Assets/Scripts/Weapons Script/WeaponManager.cs using Guid(657efe7459fe744489748db2d7792b32) Importer(815301076,1909f56bfc062723c751e8b465ee728b)  -> (artifact id: '87c1a7ca0f437c9cead8a7675283e5d7') in 0.004304 seconds
  Import took 0.005940 seconds .

========================================================================
Received Prepare
Registering precompiled user dll's ...
Registered in 0.000625 seconds.
Begin MonoManager ReloadAssembly
Native extension for WindowsStandalone target not found
Refreshing native plugins compatible for Editor in 0.21 ms, found 0 plugins.
Preloading 0 native plugins for Editor in 0.00 ms.
Invoked RoslynAnalysisRunner static constructor.
RoslynAnalysisRunner will not be running.
RoslynAnalysisRunner has terminated.
Mono: successfully reloaded assembly
- Completed reload, in  0.587 seconds
Platform modules already initialized, skipping
Refreshing native plugins compatible for Editor in 0.20 ms, found 0 plugins.
Preloading 0 native plugins for Editor in 0.00 ms.
Unloading 1115 Unused Serialized files (Serialized files now loaded: 0)
System memory in use before: 65.2 MB.
System memory in use after: 65.3 MB.

Unloading 5 unused Assets to reduce memory usage. Loaded Objects now: 1617.
Total: 1.861292 ms (FindLiveObjects: 0.116772 ms CreateObjectMapping: 0.033043 ms MarkObjects: 1.654054 ms  DeleteObjects: 0.056140 ms)

========================================================================
Received Prepare
Registering precompiled user dll's ...
Registered in 0.000643 seconds.
Begin MonoManager ReloadAssembly
Native extension for WindowsStandalone target not found
Refreshing native plugins compatible for Editor in 0.20 ms, found 0 plugins.
Preloading 0 native plugins for Editor in 0.00 ms.
Invoked RoslynAnalysisRunner static constructor.
RoslynAnalysisRunner will not be running.
RoslynAnalysisRunner has terminated.
Mono: successfully reloaded assembly
- Completed reload, in  0.590 seconds
Platform modules already initialized, skipping
Refreshing native plugins compatible for Editor in 0.20 ms, found 0 plugins.
Preloading 0 native plugins for Editor in 0.00 ms.
Unloading 1115 Unused Serialized files (Serialized files now loaded: 0)
System memory in use before: 65.2 MB.
System memory in use after: 65.3 MB.

Unloading 5 unused Assets to reduce memory usage. Loaded Objects now: 1620.
Total: 1.479859 ms (FindLiveObjects: 0.126396 ms CreateObjectMapping: 0.034005 ms MarkObjects: 1.264922 ms  DeleteObjects: 0.053574 ms)

========================================================================
Received Prepare
Registering precompiled user dll's ...
Registered in 0.000621 seconds.
Begin MonoManager ReloadAssembly
Native extension for WindowsStandalone target not found
Refreshing native plugins compatible for Editor in 0.20 ms, found 0 plugins.
Preloading 0 native plugins for Editor in 0.00 ms.
Invoked RoslynAnalysisRunner static constructor.
RoslynAnalysisRunner will not be running.
RoslynAnalysisRunner has terminated.
Mono: successfully reloaded assembly
- Completed reload, in  0.589 seconds
Platform modules already initialized, skipping
Refreshing native plugins compatible for Editor in 0.20 ms, found 0 plugins.
Preloading 0 native plugins for Editor in 0.00 ms.
Unloading 1115 Unused Serialized files (Serialized files now loaded: 0)
System memory in use before: 65.2 MB.
System memory in use after: 65.3 MB.

Unloading 5 unused Assets to reduce memory usage. Loaded Objects now: 1623.
Total: 1.513222 ms (FindLiveObjects: 0.124150 ms CreateObjectMapping: 0.031439 ms MarkObjects: 1.303739 ms  DeleteObjects: 0.052612 ms)

========================================================================
Received Import Request.
  Time since last request: 1190.168057 seconds.
  path: Assets/Scripts/Player Scripts/PlayerAttack.cs
  artifactKey: Guid(c3adaa53894ebe048940e8e784ce4b09) Importer(815301076,1909f56bfc062723c751e8b465ee728b)
Start importing Assets/Scripts/Player Scripts/PlayerAttack.cs using Guid(c3adaa53894ebe048940e8e784ce4b09) Importer(815301076,1909f56bfc062723c751e8b465ee728b)  -> (artifact id: 'b38eba4301aa62a2f35cee3430ff4371') in 0.008568 seconds
  Import took 0.010623 seconds .

========================================================================
Received Prepare
Registering precompiled user dll's ...
Registered in 0.000620 seconds.
Begin MonoManager ReloadAssembly
Native extension for WindowsStandalone target not found
Refreshing native plugins compatible for Editor in 0.20 ms, found 0 plugins.
Preloading 0 native plugins for Editor in 0.00 ms.
Invoked RoslynAnalysisRunner static constructor.
RoslynAnalysisRunner will not be running.
RoslynAnalysisRunner has terminated.
Mono: successfully reloaded assembly
- Completed reload, in  0.622 seconds
Platform modules already initialized, skipping
Refreshing native plugins compatible for Editor in 0.21 ms, found 0 plugins.
Preloading 0 native plugins for Editor in 0.00 ms.
Unloading 1116 Unused Serialized files (Serialized files now loaded: 0)
System memory in use before: 65.3 MB.
System memory in use after: 65.3 MB.

Unloading 5 unused Assets to reduce memory usage. Loaded Objects now: 1627.
Total: 1.358596 ms (FindLiveObjects: 0.123188 ms CreateObjectMapping: 0.032722 ms MarkObjects: 1.150075 ms  DeleteObjects: 0.051970 ms)

========================================================================
Received Prepare
Registering precompiled user dll's ...
Registered in 0.000637 seconds.
Begin MonoManager ReloadAssembly
Native extension for WindowsStandalone target not found
Refreshing native plugins compatible for Editor in 0.21 ms, found 0 plugins.
Preloading 0 native plugins for Editor in 0.00 ms.
Invoked RoslynAnalysisRunner static constructor.
RoslynAnalysisRunner will not be running.
RoslynAnalysisRunner has terminated.
Mono: successfully reloaded assembly
- Completed reload, in  0.583 seconds
Platform modules already initialized, skipping
Refreshing native plugins compatible for Editor in 0.20 ms, found 0 plugins.
Preloading 0 native plugins for Editor in 0.00 ms.
Unloading 1116 Unused Serialized files (Serialized files now loaded: 0)
System memory in use before: 65.3 MB.
System memory in use after: 65.3 MB.

Unloading 5 unused Assets to reduce memory usage. Loaded Objects now: 1630.
Total: 1.452270 ms (FindLiveObjects: 0.116451 ms CreateObjectMapping: 0.034326 ms MarkObjects: 1.248240 ms  DeleteObjects: 0.052612 ms)

========================================================================
Received Import Request.
  Time since last request: 772.097686 seconds.
  path: Assets/Scripts/Player Scripts/PlayerAttack.cs
  artifactKey: Guid(c3adaa53894ebe048940e8e784ce4b09) Importer(815301076,1909f56bfc062723c751e8b465ee728b)
Start importing Assets/Scripts/Player Scripts/PlayerAttack.cs using Guid(c3adaa53894ebe048940e8e784ce4b09) Importer(815301076,1909f56bfc062723c751e8b465ee728b)  -> (artifact id: 'c23f4b84d9d509cd53a67c4e0fde6a43') in 0.003794 seconds
  Import took 0.005414 seconds .

========================================================================
Received Import Request.
  Time since last request: 7.811213 seconds.
  path: ProjectSettings/TagManager.asset
  artifactKey: Guid(00000000000000003000000000000000) Importer(815301076,1909f56bfc062723c751e8b465ee728b)
Start importing ProjectSettings/TagManager.asset using Guid(00000000000000003000000000000000) Importer(815301076,1909f56bfc062723c751e8b465ee728b)  -> (artifact id: '772316bb5e60f7560e75270f25b94378') in 0.014256 seconds
  Import took 0.016054 seconds .

========================================================================
Received Prepare
Registering precompiled user dll's ...
Registered in 0.000621 seconds.
Begin MonoManager ReloadAssembly
Native extension for WindowsStandalone target not found
Refreshing native plugins compatible for Editor in 0.25 ms, found 0 plugins.
Preloading 0 native plugins for Editor in 0.00 ms.
Invoked RoslynAnalysisRunner static constructor.
RoslynAnalysisRunner will not be running.
RoslynAnalysisRunner has terminated.
Mono: successfully reloaded assembly
- Completed reload, in  0.589 seconds
Platform modules already initialized, skipping
Refreshing native plugins compatible for Editor in 0.20 ms, found 0 plugins.
Preloading 0 native plugins for Editor in 0.00 ms.
Unloading 1116 Unused Serialized files (Serialized files now loaded: 0)
System memory in use before: 65.3 MB.
System memory in use after: 65.4 MB.

Unloading 6 unused Assets to reduce memory usage. Loaded Objects now: 1633.
Total: 1.337744 ms (FindLiveObjects: 0.111960 ms CreateObjectMapping: 0.029193 ms MarkObjects: 1.141092 ms  DeleteObjects: 0.054857 ms)

========================================================================
Received Import Request.
  Time since last request: 328.845102 seconds.
  path: Assets/Models/First Person/Animation Controllers/Axe Controller.controller
  artifactKey: Guid(2aa30c0b0232b6c4fb87119fe796e2b1) Importer(815301076,1909f56bfc062723c751e8b465ee728b)
Start importing Assets/Models/First Person/Animation Controllers/Axe Controller.controller using Guid(2aa30c0b0232b6c4fb87119fe796e2b1) Importer(815301076,1909f56bfc062723c751e8b465ee728b)  -> (artifact id: '0951e0bdfef2ed4cfd391b213826fbba') in 0.053283 seconds
  Import took 0.055563 seconds .

========================================================================
Received Prepare
Registering precompiled user dll's ...
Registered in 0.000625 seconds.
Begin MonoManager ReloadAssembly
Native extension for WindowsStandalone target not found
Refreshing native plugins compatible for Editor in 0.22 ms, found 0 plugins.
Preloading 0 native plugins for Editor in 0.00 ms.
Invoked RoslynAnalysisRunner static constructor.
RoslynAnalysisRunner will not be running.
RoslynAnalysisRunner has terminated.
Mono: successfully reloaded assembly
- Completed reload, in  0.580 seconds
Platform modules already initialized, skipping
Refreshing native plugins compatible for Editor in 0.20 ms, found 0 plugins.
Preloading 0 native plugins for Editor in 0.00 ms.
Unloading 1116 Unused Serialized files (Serialized files now loaded: 0)
System memory in use before: 65.3 MB.
System memory in use after: 65.4 MB.

Unloading 5 unused Assets to reduce memory usage. Loaded Objects now: 1636.
Total: 1.325232 ms (FindLiveObjects: 0.107469 ms CreateObjectMapping: 0.028231 ms MarkObjects: 1.142055 ms  DeleteObjects: 0.046837 ms)

========================================================================
Received Prepare
Registering precompiled user dll's ...
Registered in 0.000604 seconds.
Begin MonoManager ReloadAssembly
Native extension for WindowsStandalone target not found
Refreshing native plugins compatible for Editor in 0.21 ms, found 0 plugins.
Preloading 0 native plugins for Editor in 0.00 ms.
Invoked RoslynAnalysisRunner static constructor.
RoslynAnalysisRunner will not be running.
RoslynAnalysisRunner has terminated.
Mono: successfully reloaded assembly
- Completed reload, in  0.582 seconds
Platform modules already initialized, skipping
Refreshing native plugins compatible for Editor in 0.20 ms, found 0 plugins.
Preloading 0 native plugins for Editor in 0.00 ms.
Unloading 1116 Unused Serialized files (Serialized files now loaded: 0)
System memory in use before: 65.3 MB.
System memory in use after: 65.4 MB.

Unloading 5 unused Assets to reduce memory usage. Loaded Objects now: 1639.
Total: 1.936360 ms (FindLiveObjects: 0.203388 ms CreateObjectMapping: 0.067048 ms MarkObjects: 1.602405 ms  DeleteObjects: 0.062236 ms)

========================================================================
Received Import Request.
  Time since last request: 882.122702 seconds.
  path: Assets/UI
  artifactKey: Guid(3a3971d09686b8147948c05765ae7c6c) Importer(815301076,1909f56bfc062723c751e8b465ee728b)
Start importing Assets/UI using Guid(3a3971d09686b8147948c05765ae7c6c) Importer(815301076,1909f56bfc062723c751e8b465ee728b)  -> (artifact id: '3265bbcda9b54118798e8d7fc5907bd5') in 0.007349 seconds
  Import took 0.009014 seconds .

========================================================================
Received Import Request.
  Time since last request: 0.072300 seconds.
  path: Assets/UI/Crosshair.png
  artifactKey: Guid(b9082564f83c34f4b91899bc371e738f) Importer(815301076,1909f56bfc062723c751e8b465ee728b)
Start importing Assets/UI/Crosshair.png using Guid(b9082564f83c34f4b91899bc371e738f) Importer(815301076,1909f56bfc062723c751e8b465ee728b)  -> (artifact id: 'cd3b39da9c2d36d12792a27da557fb32') in 0.100659 seconds
  Import took 0.102305 seconds .

========================================================================
Received Import Request.
  Time since last request: 0.000225 seconds.
  path: Assets/UI/Stamina.png
  artifactKey: Guid(cd6beb814fa7a104a842230ed4b21b54) Importer(815301076,1909f56bfc062723c751e8b465ee728b)
Start importing Assets/UI/Stamina.png using Guid(cd6beb814fa7a104a842230ed4b21b54) Importer(815301076,1909f56bfc062723c751e8b465ee728b)  -> (artifact id: '846f7b9747475cdc6be084ed01996c82') in 0.016540 seconds
  Import took 0.017967 seconds .

========================================================================
Received Import Request.
  Time since last request: 0.000229 seconds.
  path: Assets/UI/Health.png
  artifactKey: Guid(44e140850ab147a4285c7d287203154c) Importer(815301076,1909f56bfc062723c751e8b465ee728b)
Start importing Assets/UI/Health.png using Guid(44e140850ab147a4285c7d287203154c) Importer(815301076,1909f56bfc062723c751e8b465ee728b)  -> (artifact id: '6956b4a5e1420a1490986c152d054eaa') in 0.016547 seconds
  Import took 0.018097 seconds .

========================================================================
Received Import Request.
  Time since last request: 0.000215 seconds.
  path: Assets/UI/Stats BG.png
  artifactKey: Guid(1cac0cc4f52566a449e7ad75ecf0c591) Importer(815301076,1909f56bfc062723c751e8b465ee728b)
Start importing Assets/UI/Stats BG.png using Guid(1cac0cc4f52566a449e7ad75ecf0c591) Importer(815301076,1909f56bfc062723c751e8b465ee728b)  -> (artifact id: 'f6a55444544fb92380ace17f2118671f') in 0.015965 seconds
  Import took 0.017544 seconds .

========================================================================
Received Import Request.
  Time since last request: 40.409001 seconds.
  path: Assets/UI/Crosshair.png
  artifactKey: Guid(b9082564f83c34f4b91899bc371e738f) Importer(815301076,1909f56bfc062723c751e8b465ee728b)
Start importing Assets/UI/Crosshair.png using Guid(b9082564f83c34f4b91899bc371e738f) Importer(815301076,1909f56bfc062723c751e8b465ee728b)  -> (artifact id: '82365bc4f4cc0bbd4913aa52e19d3a93') in 0.040837 seconds
  Import took 0.042471 seconds .

========================================================================
Received Import Request.
  Time since last request: 101.746927 seconds.
  path: Assets/Animations
  artifactKey: Guid(337e05530586a164db69774fdb933d0f) Importer(815301076,1909f56bfc062723c751e8b465ee728b)
Start importing Assets/Animations using Guid(337e05530586a164db69774fdb933d0f) Importer(815301076,1909f56bfc062723c751e8b465ee728b)  -> (artifact id: '4ba3987bd20e96bf0670365634cac2f5') in 0.005518 seconds
  Import took 0.007155 seconds .

========================================================================
Received Import Request.
  Time since last request: 10.669383 seconds.
  path: Assets/Animations/FP Camera Animations
  artifactKey: Guid(78e6c0d5855283b45a12cf6b35e0016c) Importer(815301076,1909f56bfc062723c751e8b465ee728b)
Start importing Assets/Animations/FP Camera Animations using Guid(78e6c0d5855283b45a12cf6b35e0016c) Importer(815301076,1909f56bfc062723c751e8b465ee728b)  -> (artifact id: '8de0e2231df05e54ce947080f948649e') in 0.005939 seconds
  Import took 0.007551 seconds .

========================================================================
Received Import Request.
  Time since last request: 21.964662 seconds.
  path: Assets/Animations/FP Camera Animations/FP Camera Controller.controller
  artifactKey: Guid(75d0f44ae19f47b488265a26e045fa28) Importer(815301076,1909f56bfc062723c751e8b465ee728b)
Start importing Assets/Animations/FP Camera Animations/FP Camera Controller.controller using Guid(75d0f44ae19f47b488265a26e045fa28) Importer(815301076,1909f56bfc062723c751e8b465ee728b)  -> (artifact id: '0f5a820b04ca589bf0b2608446d7caee') in 0.007130 seconds
  Import took 0.009032 seconds .

========================================================================
Received Import Request.
  Time since last request: 15.707754 seconds.
  path: Assets/Animations/FP Camera Animations/FP Camera Controller.controller
  artifactKey: Guid(75d0f44ae19f47b488265a26e045fa28) Importer(815301076,1909f56bfc062723c751e8b465ee728b)
Start importing Assets/Animations/FP Camera Animations/FP Camera Controller.controller using Guid(75d0f44ae19f47b488265a26e045fa28) Importer(815301076,1909f56bfc062723c751e8b465ee728b)  -> (artifact id: 'be9e0d8b44c85d7f48d05fdcb2da9c67') in 0.002748 seconds
  Import took 0.004368 seconds .

========================================================================
Received Import Request.
  Time since last request: 0.001012 seconds.
  path: Assets/Animations/FP Camera Animations/FP Camera Controller.controller
  artifactKey: Guid(75d0f44ae19f47b488265a26e045fa28) Importer(815301076,1909f56bfc062723c751e8b465ee728b)
Start importing Assets/Animations/FP Camera Animations/FP Camera Controller.controller using Guid(75d0f44ae19f47b488265a26e045fa28) Importer(815301076,1909f56bfc062723c751e8b465ee728b)  -> (artifact id: 'be9e0d8b44c85d7f48d05fdcb2da9c67') in 0.003016 seconds
  Import took 0.004902 seconds .

========================================================================
Received Import Request.
  Time since last request: 611.502539 seconds.
  path: Assets/Animations/FP Camera Animations/ZoomIn.anim
  artifactKey: Guid(4243d3772b2f81248bfbe8dced73ce88) Importer(815301076,1909f56bfc062723c751e8b465ee728b)
Start importing Assets/Animations/FP Camera Animations/ZoomIn.anim using Guid(4243d3772b2f81248bfbe8dced73ce88) Importer(815301076,1909f56bfc062723c751e8b465ee728b)  -> (artifact id: 'a276fb45e9ce5e8f9a4f313050477d98') in 0.007070 seconds
  Import took 0.008861 seconds .

========================================================================
Received Import Request.
  Time since last request: 0.048106 seconds.
  path: Assets/Animations/FP Camera Animations/ZoomIn.anim
  artifactKey: Guid(4243d3772b2f81248bfbe8dced73ce88) Importer(815301076,1909f56bfc062723c751e8b465ee728b)
Start importing Assets/Animations/FP Camera Animations/ZoomIn.anim using Guid(4243d3772b2f81248bfbe8dced73ce88) Importer(815301076,1909f56bfc062723c751e8b465ee728b)  -> (artifact id: 'a276fb45e9ce5e8f9a4f313050477d98') in 0.003030 seconds
  Import took 0.004742 seconds .

========================================================================
Received Prepare
Registering precompiled user dll's ...
Registered in 0.000652 seconds.
Begin MonoManager ReloadAssembly
Native extension for WindowsStandalone target not found
Refreshing native plugins compatible for Editor in 0.20 ms, found 0 plugins.
Preloading 0 native plugins for Editor in 0.00 ms.
Invoked RoslynAnalysisRunner static constructor.
RoslynAnalysisRunner will not be running.
RoslynAnalysisRunner has terminated.
Mono: successfully reloaded assembly
- Completed reload, in  0.580 seconds
Platform modules already initialized, skipping
Refreshing native plugins compatible for Editor in 0.20 ms, found 0 plugins.
Preloading 0 native plugins for Editor in 0.00 ms.
Unloading 1116 Unused Serialized files (Serialized files now loaded: 0)
System memory in use before: 68.4 MB.
System memory in use after: 68.5 MB.

Unloading 5 unused Assets to reduce memory usage. Loaded Objects now: 1648.
Total: 1.498465 ms (FindLiveObjects: 0.121263 ms CreateObjectMapping: 0.028872 ms MarkObjects: 1.296360 ms  DeleteObjects: 0.051328 ms)

========================================================================
Received Import Request.
  Time since last request: 329.341556 seconds.
  path: ProjectSettings/TagManager.asset
  artifactKey: Guid(00000000000000003000000000000000) Importer(815301076,1909f56bfc062723c751e8b465ee728b)
Start importing ProjectSettings/TagManager.asset using Guid(00000000000000003000000000000000) Importer(815301076,1909f56bfc062723c751e8b465ee728b)  -> (artifact id: '49d10d125cbe354b13d122d4a1d7a4fd') in 0.010267 seconds
  Import took 0.011882 seconds .

========================================================================
Received Prepare
Registering precompiled user dll's ...
Registered in 0.000561 seconds.
Begin MonoManager ReloadAssembly
Native extension for WindowsStandalone target not found
Refreshing native plugins compatible for Editor in 0.21 ms, found 0 plugins.
Preloading 0 native plugins for Editor in 0.00 ms.
Invoked RoslynAnalysisRunner static constructor.
RoslynAnalysisRunner will not be running.
RoslynAnalysisRunner has terminated.
Mono: successfully reloaded assembly
- Completed reload, in  0.578 seconds
Platform modules already initialized, skipping
Refreshing native plugins compatible for Editor in 0.20 ms, found 0 plugins.
Preloading 0 native plugins for Editor in 0.00 ms.
Unloading 1116 Unused Serialized files (Serialized files now loaded: 0)
System memory in use before: 68.4 MB.
System memory in use after: 68.5 MB.

Unloading 6 unused Assets to reduce memory usage. Loaded Objects now: 1651.
Total: 1.331969 ms (FindLiveObjects: 0.111960 ms CreateObjectMapping: 0.031118 ms MarkObjects: 1.138205 ms  DeleteObjects: 0.049724 ms)

========================================================================
Received Prepare
Registering precompiled user dll's ...
Registered in 0.000628 seconds.
Begin MonoManager ReloadAssembly
Native extension for WindowsStandalone target not found
Refreshing native plugins compatible for Editor in 0.20 ms, found 0 plugins.
Preloading 0 native plugins for Editor in 0.00 ms.
Invoked RoslynAnalysisRunner static constructor.
RoslynAnalysisRunner will not be running.
RoslynAnalysisRunner has terminated.
Mono: successfully reloaded assembly
- Completed reload, in  0.580 seconds
Platform modules already initialized, skipping
Refreshing native plugins compatible for Editor in 0.21 ms, found 0 plugins.
Preloading 0 native plugins for Editor in 0.00 ms.
Unloading 1116 Unused Serialized files (Serialized files now loaded: 0)
System memory in use before: 68.4 MB.
System memory in use after: 68.5 MB.

Unloading 5 unused Assets to reduce memory usage. Loaded Objects now: 1654.
Total: 1.538886 ms (FindLiveObjects: 0.120301 ms CreateObjectMapping: 0.035930 ms MarkObjects: 1.330044 ms  DeleteObjects: 0.051328 ms)

========================================================================
Received Prepare
Registering precompiled user dll's ...
Registered in 0.000613 seconds.
Begin MonoManager ReloadAssembly
Native extension for WindowsStandalone target not found
Refreshing native plugins compatible for Editor in 0.20 ms, found 0 plugins.
Preloading 0 native plugins for Editor in 0.00 ms.
Invoked RoslynAnalysisRunner static constructor.
RoslynAnalysisRunner will not be running.
RoslynAnalysisRunner has terminated.
Mono: successfully reloaded assembly
- Completed reload, in  0.587 seconds
Platform modules already initialized, skipping
Refreshing native plugins compatible for Editor in 0.19 ms, found 0 plugins.
Preloading 0 native plugins for Editor in 0.00 ms.
Unloading 1116 Unused Serialized files (Serialized files now loaded: 0)
System memory in use before: 68.4 MB.
System memory in use after: 68.5 MB.

Unloading 5 unused Assets to reduce memory usage. Loaded Objects now: 1657.
Total: 1.418907 ms (FindLiveObjects: 0.123509 ms CreateObjectMapping: 0.030155 ms MarkObjects: 1.216160 ms  DeleteObjects: 0.048441 ms)

========================================================================
Received Prepare
Registering precompiled user dll's ...
Registered in 0.000634 seconds.
Begin MonoManager ReloadAssembly
Native extension for WindowsStandalone target not found
Refreshing native plugins compatible for Editor in 0.21 ms, found 0 plugins.
Preloading 0 native plugins for Editor in 0.00 ms.
Invoked RoslynAnalysisRunner static constructor.
RoslynAnalysisRunner will not be running.
RoslynAnalysisRunner has terminated.
Mono: successfully reloaded assembly
- Completed reload, in  0.578 seconds
Platform modules already initialized, skipping
Refreshing native plugins compatible for Editor in 0.20 ms, found 0 plugins.
Preloading 0 native plugins for Editor in 0.00 ms.
Unloading 1116 Unused Serialized files (Serialized files now loaded: 0)
System memory in use before: 68.4 MB.
System memory in use after: 68.5 MB.

Unloading 5 unused Assets to reduce memory usage. Loaded Objects now: 1660.
Total: 1.611708 ms (FindLiveObjects: 0.130566 ms CreateObjectMapping: 0.034647 ms MarkObjects: 1.392601 ms  DeleteObjects: 0.052932 ms)

========================================================================
Received Import Request.
  Time since last request: 1273.478667 seconds.
  path: Assets/Animations/FP Camera Animations/ZoomIn.anim
  artifactKey: Guid(4243d3772b2f81248bfbe8dced73ce88) Importer(815301076,1909f56bfc062723c751e8b465ee728b)
Start importing Assets/Animations/FP Camera Animations/ZoomIn.anim using Guid(4243d3772b2f81248bfbe8dced73ce88) Importer(815301076,1909f56bfc062723c751e8b465ee728b)  -> (artifact id: '69c6ddd5a55e8b0d532e65cd487d7c78') in 0.009068 seconds
  Import took 0.010791 seconds .

========================================================================
Received Prepare
Registering precompiled user dll's ...
Registered in 0.000636 seconds.
Begin MonoManager ReloadAssembly
Native extension for WindowsStandalone target not found
Refreshing native plugins compatible for Editor in 0.21 ms, found 0 plugins.
Preloading 0 native plugins for Editor in 0.00 ms.
Invoked RoslynAnalysisRunner static constructor.
RoslynAnalysisRunner will not be running.
RoslynAnalysisRunner has terminated.
Mono: successfully reloaded assembly
- Completed reload, in  0.651 seconds
Platform modules already initialized, skipping
Refreshing native plugins compatible for Editor in 0.24 ms, found 0 plugins.
Preloading 0 native plugins for Editor in 0.00 ms.
Unloading 1116 Unused Serialized files (Serialized files now loaded: 0)
System memory in use before: 68.4 MB.
System memory in use after: 68.5 MB.

Unloading 5 unused Assets to reduce memory usage. Loaded Objects now: 1663.
Total: 1.584120 ms (FindLiveObjects: 0.142757 ms CreateObjectMapping: 0.040742 ms MarkObjects: 1.344801 ms  DeleteObjects: 0.054216 ms)

========================================================================
Received Import Request.
  Time since last request: 235.357146 seconds.
  path: Assets/Models/First Person/Animation Controllers/Spear Controller.controller
  artifactKey: Guid(e23ea0b30d2f2114d8a776bdbc78d594) Importer(815301076,1909f56bfc062723c751e8b465ee728b)
Start importing Assets/Models/First Person/Animation Controllers/Spear Controller.controller using Guid(e23ea0b30d2f2114d8a776bdbc78d594) Importer(815301076,1909f56bfc062723c751e8b465ee728b)  -> (artifact id: '76e44c1d77692fc62780bf0867c1d755') in 0.145671 seconds
  Import took 0.147570 seconds .

========================================================================
Received Prepare
Registering precompiled user dll's ...
Registered in 0.000600 seconds.
Begin MonoManager ReloadAssembly
Native extension for WindowsStandalone target not found
Refreshing native plugins compatible for Editor in 0.20 ms, found 0 plugins.
Preloading 0 native plugins for Editor in 0.00 ms.
Invoked RoslynAnalysisRunner static constructor.
RoslynAnalysisRunner will not be running.
RoslynAnalysisRunner has terminated.
Mono: successfully reloaded assembly
- Completed reload, in  0.583 seconds
Platform modules already initialized, skipping
Refreshing native plugins compatible for Editor in 0.20 ms, found 0 plugins.
Preloading 0 native plugins for Editor in 0.00 ms.
Unloading 1116 Unused Serialized files (Serialized files now loaded: 0)
System memory in use before: 68.4 MB.
System memory in use after: 68.5 MB.

Unloading 5 unused Assets to reduce memory usage. Loaded Objects now: 1666.
Total: 1.363408 ms (FindLiveObjects: 0.112281 ms CreateObjectMapping: 0.029193 ms MarkObjects: 1.172531 ms  DeleteObjects: 0.048762 ms)

========================================================================
Received Import Request.
  Time since last request: 1.407765 seconds.
  path: Assets/Models/First Person/Animation Controllers/Spear Controller.controller
  artifactKey: Guid(e23ea0b30d2f2114d8a776bdbc78d594) Importer(815301076,1909f56bfc062723c751e8b465ee728b)
Start importing Assets/Models/First Person/Animation Controllers/Spear Controller.controller using Guid(e23ea0b30d2f2114d8a776bdbc78d594) Importer(815301076,1909f56bfc062723c751e8b465ee728b)  -> (artifact id: '06fea6761cdac889124a81733c222f44') in 0.144403 seconds
  Import took 0.146409 seconds .

========================================================================
Received Import Request.
  Time since last request: 435.726058 seconds.
  path: Assets/Prefabs/Bullet Prefabs
  artifactKey: Guid(3c8559201ae5f1a468d875031c5be2e9) Importer(815301076,1909f56bfc062723c751e8b465ee728b)
Start importing Assets/Prefabs/Bullet Prefabs using Guid(3c8559201ae5f1a468d875031c5be2e9) Importer(815301076,1909f56bfc062723c751e8b465ee728b)  -> (artifact id: '7859c8276dd244ae53fd57235a338bad') in 0.006104 seconds
  Import took 0.007717 seconds .

========================================================================
Received Import Request.
  Time since last request: 10.915762 seconds.
  path: ProjectSettings/TagManager.asset
  artifactKey: Guid(00000000000000003000000000000000) Importer(815301076,1909f56bfc062723c751e8b465ee728b)
Start importing ProjectSettings/TagManager.asset using Guid(00000000000000003000000000000000) Importer(815301076,1909f56bfc062723c751e8b465ee728b)  -> (artifact id: 'b457ae3e8a5916c36cfecca28e7e165d') in 0.006215 seconds
  Import took 0.008111 seconds .

========================================================================
Received Import Request.
  Time since last request: 19.362114 seconds.
  path: Assets/Prefabs/Bullet Prefabs/Arrow.prefab
  artifactKey: Guid(1a09d89f41bf7644e8d1f0ab43614183) Importer(815301076,1909f56bfc062723c751e8b465ee728b)
Start importing Assets/Prefabs/Bullet Prefabs/Arrow.prefab using Guid(1a09d89f41bf7644e8d1f0ab43614183) Importer(815301076,1909f56bfc062723c751e8b465ee728b)  -> (artifact id: 'a2632f57c75f4e2abe7dfab1d60281d4') in 0.064109 seconds
  Import took 0.065850 seconds .

========================================================================
Received Import Request.
  Time since last request: 3.337952 seconds.
  path: Assets/Prefabs/Bullet Prefabs/Spear.prefab
  artifactKey: Guid(6c6c8634e34de7e4db631026a4b28b4e) Importer(815301076,1909f56bfc062723c751e8b465ee728b)
Start importing Assets/Prefabs/Bullet Prefabs/Spear.prefab using Guid(6c6c8634e34de7e4db631026a4b28b4e) Importer(815301076,1909f56bfc062723c751e8b465ee728b)  -> (artifact id: '2f67347221ff0f2763d57d9f8dfa98fb') in 0.016243 seconds
  Import took 0.018052 seconds .

========================================================================
Received Import Request.
  Time since last request: 0.027923 seconds.
  path: Assets/Prefabs/Bullet Prefabs/Spear.prefab
  artifactKey: Guid(6c6c8634e34de7e4db631026a4b28b4e) Importer(815301076,1909f56bfc062723c751e8b465ee728b)
Start importing Assets/Prefabs/Bullet Prefabs/Spear.prefab using Guid(6c6c8634e34de7e4db631026a4b28b4e) Importer(815301076,1909f56bfc062723c751e8b465ee728b)  -> (artifact id: '2f67347221ff0f2763d57d9f8dfa98fb') in 0.008917 seconds
  Import took 0.010736 seconds .

========================================================================
Received Import Request.
  Time since last request: 37.457720 seconds.
  path: Assets/Scripts/Weapons Script/ArrowBowScript.cs
  artifactKey: Guid(41fd1da8733dec6429ac4305df34bb3f) Importer(815301076,1909f56bfc062723c751e8b465ee728b)
Start importing Assets/Scripts/Weapons Script/ArrowBowScript.cs using Guid(41fd1da8733dec6429ac4305df34bb3f) Importer(815301076,1909f56bfc062723c751e8b465ee728b)  -> (artifact id: '79120290e25ac7364709f531d2489094') in 0.006141 seconds
  Import took 0.008053 seconds .

========================================================================
Received Prepare
Registering precompiled user dll's ...
Registered in 0.000646 seconds.
Begin MonoManager ReloadAssembly
Native extension for WindowsStandalone target not found
Refreshing native plugins compatible for Editor in 0.21 ms, found 0 plugins.
Preloading 0 native plugins for Editor in 0.00 ms.
Invoked RoslynAnalysisRunner static constructor.
RoslynAnalysisRunner will not be running.
RoslynAnalysisRunner has terminated.
Mono: successfully reloaded assembly
- Completed reload, in  0.625 seconds
Platform modules already initialized, skipping
Refreshing native plugins compatible for Editor in 0.20 ms, found 0 plugins.
Preloading 0 native plugins for Editor in 0.00 ms.
Unloading 1117 Unused Serialized files (Serialized files now loaded: 0)
System memory in use before: 68.5 MB.
System memory in use after: 68.6 MB.

Unloading 6 unused Assets to reduce memory usage. Loaded Objects now: 1674.
Total: 1.466385 ms (FindLiveObjects: 0.133133 ms CreateObjectMapping: 0.033043 ms MarkObjects: 1.243107 ms  DeleteObjects: 0.055820 ms)

========================================================================
Received Prepare
Registering precompiled user dll's ...
Registered in 0.000735 seconds.
Begin MonoManager ReloadAssembly
Native extension for WindowsStandalone target not found
Refreshing native plugins compatible for Editor in 0.20 ms, found 0 plugins.
Preloading 0 native plugins for Editor in 0.00 ms.
Invoked RoslynAnalysisRunner static constructor.
RoslynAnalysisRunner will not be running.
RoslynAnalysisRunner has terminated.
Mono: successfully reloaded assembly
- Completed reload, in  0.580 seconds
Platform modules already initialized, skipping
Refreshing native plugins compatible for Editor in 0.21 ms, found 0 plugins.
Preloading 0 native plugins for Editor in 0.00 ms.
Unloading 1117 Unused Serialized files (Serialized files now loaded: 0)
System memory in use before: 68.5 MB.
System memory in use after: 68.6 MB.

Unloading 5 unused Assets to reduce memory usage. Loaded Objects now: 1677.
Total: 1.342877 ms (FindLiveObjects: 0.125754 ms CreateObjectMapping: 0.034326 ms MarkObjects: 1.130827 ms  DeleteObjects: 0.051649 ms)

========================================================================
Received Import Request.
  Time since last request: 665.885784 seconds.
  path: Assets/Scripts/Weapons Script/ArrowBowScript.cs
  artifactKey: Guid(41fd1da8733dec6429ac4305df34bb3f) Importer(815301076,1909f56bfc062723c751e8b465ee728b)
Start importing Assets/Scripts/Weapons Script/ArrowBowScript.cs using Guid(41fd1da8733dec6429ac4305df34bb3f) Importer(815301076,1909f56bfc062723c751e8b465ee728b)  -> (artifact id: 'f4883c9077d778e587a7b9882d5e43e5') in 0.003745 seconds
  Import took 0.005358 seconds .

========================================================================
Received Import Request.
  Time since last request: 37.220933 seconds.
  path: Assets/Prefabs/Bullet Prefabs/Arrow.prefab
  artifactKey: Guid(1a09d89f41bf7644e8d1f0ab43614183) Importer(815301076,1909f56bfc062723c751e8b465ee728b)
Start importing Assets/Prefabs/Bullet Prefabs/Arrow.prefab using Guid(1a09d89f41bf7644e8d1f0ab43614183) Importer(815301076,1909f56bfc062723c751e8b465ee728b)  -> (artifact id: '2f0ad581992f23cd7580b0bc7fa6278a') in 0.047785 seconds
  Import took 0.049590 seconds .

========================================================================
Received Import Request.
  Time since last request: 0.000237 seconds.
  path: Assets/Prefabs/Bullet Prefabs/Spear.prefab
  artifactKey: Guid(6c6c8634e34de7e4db631026a4b28b4e) Importer(815301076,1909f56bfc062723c751e8b465ee728b)
Start importing Assets/Prefabs/Bullet Prefabs/Spear.prefab using Guid(6c6c8634e34de7e4db631026a4b28b4e) Importer(815301076,1909f56bfc062723c751e8b465ee728b)  -> (artifact id: '0d07d7cdb99cf46887610ed8cb1de9f7') in 0.009308 seconds
  Import took 0.010993 seconds .

========================================================================
Received Prepare
Registering precompiled user dll's ...
Registered in 0.000598 seconds.
Begin MonoManager ReloadAssembly
Native extension for WindowsStandalone target not found
Refreshing native plugins compatible for Editor in 0.19 ms, found 0 plugins.
Preloading 0 native plugins for Editor in 0.00 ms.
Invoked RoslynAnalysisRunner static constructor.
RoslynAnalysisRunner will not be running.
RoslynAnalysisRunner has terminated.
Mono: successfully reloaded assembly
- Completed reload, in  0.584 seconds
Platform modules already initialized, skipping
Refreshing native plugins compatible for Editor in 0.20 ms, found 0 plugins.
Preloading 0 native plugins for Editor in 0.00 ms.
Unloading 1117 Unused Serialized files (Serialized files now loaded: 0)
System memory in use before: 68.5 MB.
System memory in use after: 68.6 MB.

Unloading 5 unused Assets to reduce memory usage. Loaded Objects now: 1681.
Total: 1.348330 ms (FindLiveObjects: 0.102015 ms CreateObjectMapping: 0.025985 ms MarkObjects: 1.172531 ms  DeleteObjects: 0.046837 ms)

========================================================================
Received Prepare
Registering precompiled user dll's ...
Registered in 0.000644 seconds.
Begin MonoManager ReloadAssembly
Native extension for WindowsStandalone target not found
Refreshing native plugins compatible for Editor in 0.21 ms, found 0 plugins.
Preloading 0 native plugins for Editor in 0.00 ms.
Invoked RoslynAnalysisRunner static constructor.
RoslynAnalysisRunner will not be running.
RoslynAnalysisRunner has terminated.
Mono: successfully reloaded assembly
- Completed reload, in  0.574 seconds
Platform modules already initialized, skipping
Refreshing native plugins compatible for Editor in 0.20 ms, found 0 plugins.
Preloading 0 native plugins for Editor in 0.00 ms.
Unloading 1117 Unused Serialized files (Serialized files now loaded: 0)
System memory in use before: 68.6 MB.
System memory in use after: 68.6 MB.

Unloading 5 unused Assets to reduce memory usage. Loaded Objects now: 1684.
Total: 1.583799 ms (FindLiveObjects: 0.127679 ms CreateObjectMapping: 0.033043 ms MarkObjects: 1.370786 ms  DeleteObjects: 0.051970 ms)

========================================================================
Received Prepare
Registering precompiled user dll's ...
Registered in 0.000631 seconds.
Begin MonoManager ReloadAssembly
Native extension for WindowsStandalone target not found
Refreshing native plugins compatible for Editor in 0.31 ms, found 0 plugins.
Preloading 0 native plugins for Editor in 0.00 ms.
Invoked RoslynAnalysisRunner static constructor.
RoslynAnalysisRunner will not be running.
RoslynAnalysisRunner has terminated.
Mono: successfully reloaded assembly
- Completed reload, in  0.642 seconds
Platform modules already initialized, skipping
Refreshing native plugins compatible for Editor in 0.28 ms, found 0 plugins.
Preloading 0 native plugins for Editor in 0.00 ms.
Unloading 1117 Unused Serialized files (Serialized files now loaded: 0)
System memory in use before: 68.6 MB.
System memory in use after: 68.6 MB.

Unloading 5 unused Assets to reduce memory usage. Loaded Objects now: 1687.
Total: 1.316892 ms (FindLiveObjects: 0.121905 ms CreateObjectMapping: 0.031118 ms MarkObjects: 1.114786 ms  DeleteObjects: 0.048441 ms)

========================================================================
Received Prepare
Registering precompiled user dll's ...
Registered in 0.000537 seconds.
Begin MonoManager ReloadAssembly
Native extension for WindowsStandalone target not found
Refreshing native plugins compatible for Editor in 0.20 ms, found 0 plugins.
Preloading 0 native plugins for Editor in 0.00 ms.
Invoked RoslynAnalysisRunner static constructor.
RoslynAnalysisRunner will not be running.
RoslynAnalysisRunner has terminated.
Mono: successfully reloaded assembly
- Completed reload, in  0.575 seconds
Platform modules already initialized, skipping
Refreshing native plugins compatible for Editor in 0.20 ms, found 0 plugins.
Preloading 0 native plugins for Editor in 0.00 ms.
Unloading 1117 Unused Serialized files (Serialized files now loaded: 0)
System memory in use before: 68.6 MB.
System memory in use after: 68.6 MB.

Unloading 5 unused Assets to reduce memory usage. Loaded Objects now: 1690.
Total: 1.501353 ms (FindLiveObjects: 0.145644 ms CreateObjectMapping: 0.039459 ms MarkObjects: 1.255939 ms  DeleteObjects: 0.059348 ms)

========================================================================
Received Prepare
Registering precompiled user dll's ...
Registered in 0.000631 seconds.
Begin MonoManager ReloadAssembly
Native extension for WindowsStandalone target not found
Refreshing native plugins compatible for Editor in 0.20 ms, found 0 plugins.
Preloading 0 native plugins for Editor in 0.00 ms.
Invoked RoslynAnalysisRunner static constructor.
RoslynAnalysisRunner will not be running.
RoslynAnalysisRunner has terminated.
Mono: successfully reloaded assembly
- Completed reload, in  0.584 seconds
Platform modules already initialized, skipping
Refreshing native plugins compatible for Editor in 0.21 ms, found 0 plugins.
Preloading 0 native plugins for Editor in 0.00 ms.
Unloading 1117 Unused Serialized files (Serialized files now loaded: 0)
System memory in use before: 68.6 MB.
System memory in use after: 68.7 MB.

Unloading 5 unused Assets to reduce memory usage. Loaded Objects now: 1693.
Total: 1.337423 ms (FindLiveObjects: 0.117734 ms CreateObjectMapping: 0.029514 ms MarkObjects: 1.145263 ms  DeleteObjects: 0.043950 ms)

========================================================================
Received Prepare
Registering precompiled user dll's ...
Registered in 0.000646 seconds.
Begin MonoManager ReloadAssembly
Native extension for WindowsStandalone target not found
Refreshing native plugins compatible for Editor in 0.20 ms, found 0 plugins.
Preloading 0 native plugins for Editor in 0.00 ms.
Invoked RoslynAnalysisRunner static constructor.
RoslynAnalysisRunner will not be running.
RoslynAnalysisRunner has terminated.
Mono: successfully reloaded assembly
- Completed reload, in  0.566 seconds
Platform modules already initialized, skipping
Refreshing native plugins compatible for Editor in 0.19 ms, found 0 plugins.
Preloading 0 native plugins for Editor in 0.00 ms.
Unloading 1117 Unused Serialized files (Serialized files now loaded: 0)
System memory in use before: 68.6 MB.
System memory in use after: 68.7 MB.

Unloading 5 unused Assets to reduce memory usage. Loaded Objects now: 1696.
Total: 2.290525 ms (FindLiveObjects: 0.140832 ms CreateObjectMapping: 0.076030 ms MarkObjects: 2.013032 ms  DeleteObjects: 0.059348 ms)

AssetImportWorkerClient::OnTransportError - code=2 error=End of file
